<?xml version="1.0" encoding="UTF-8"?>
<coverage generated="1640864848656" clover="3.2.0">
  <project timestamp="1640864848656" name="All files">
    <metrics statements="218" coveredstatements="175" conditionals="123" coveredconditionals="95" methods="24" coveredmethods="18" elements="365" coveredelements="288" complexity="0" loc="218" ncloc="218" packages="1" files="5" classes="5"/>
    <file name="handler.ts" path="C:\Users\lightyen\typescript-paths\packages\typescript-paths\src\handler.ts">
      <metrics statements="51" coveredstatements="51" conditionals="34" coveredconditionals="31" methods="8" coveredmethods="8"/>
      <line num="1" count="5" type="stmt"/>
      <line num="2" count="5" type="stmt"/>
      <line num="3" count="5" type="stmt"/>
      <line num="4" count="5" type="stmt"/>
      <line num="26" count="5" type="stmt"/>
      <line num="27" count="6" type="stmt"/>
      <line num="28" count="6" type="cond" truecount="1" falsecount="0"/>
      <line num="29" count="5" type="stmt"/>
      <line num="32" count="5" type="cond" truecount="1" falsecount="0"/>
      <line num="39" count="10" type="cond" truecount="1" falsecount="0"/>
      <line num="40" count="4" type="cond" truecount="4" falsecount="0"/>
      <line num="41" count="1" type="stmt"/>
      <line num="42" count="2" type="stmt"/>
      <line num="43" count="2" type="stmt"/>
      <line num="45" count="3" type="cond" truecount="3" falsecount="1"/>
      <line num="49" count="10" type="stmt"/>
      <line num="50" count="10" type="cond" truecount="2" falsecount="0"/>
      <line num="51" count="8" type="stmt"/>
      <line num="52" count="2" type="cond" truecount="1" falsecount="0"/>
      <line num="53" count="1" type="stmt"/>
      <line num="57" count="12" type="stmt"/>
      <line num="58" count="12" type="cond" truecount="3" falsecount="0"/>
      <line num="59" count="10" type="stmt"/>
      <line num="69" count="10" type="cond" truecount="1" falsecount="0"/>
      <line num="70" count="1" type="stmt"/>
      <line num="71" count="2" type="stmt"/>
      <line num="76" count="10" type="stmt"/>
      <line num="77" count="11" type="cond" truecount="1" falsecount="0"/>
      <line num="79" count="11" type="cond" truecount="2" falsecount="0"/>
      <line num="86" count="11" type="cond" truecount="1" falsecount="0"/>
      <line num="87" count="10" type="stmt"/>
      <line num="90" count="9" type="stmt"/>
      <line num="93" count="95" type="cond" truecount="1" falsecount="0"/>
      <line num="94" count="78" type="stmt"/>
      <line num="98" count="9" type="stmt"/>
      <line num="99" count="56" type="stmt"/>
      <line num="100" count="82" type="cond" truecount="1" falsecount="0"/>
      <line num="101" count="8" type="stmt"/>
      <line num="103" count="74" type="stmt"/>
      <line num="104" count="74" type="stmt"/>
      <line num="105" count="74" type="cond" truecount="2" falsecount="0"/>
      <line num="106" count="60" type="stmt"/>
      <line num="107" count="60" type="stmt"/>
      <line num="108" count="60" type="cond" truecount="1" falsecount="0"/>
      <line num="109" count="14" type="cond" truecount="2" falsecount="0"/>
      <line num="110" count="6" type="cond" truecount="0" falsecount="1"/>
      <line num="111" count="6" type="stmt"/>
      <line num="112" count="6" type="stmt"/>
      <line num="114" count="8" type="cond" truecount="0" falsecount="1"/>
      <line num="115" count="8" type="stmt"/>
      <line num="117" count="54" type="stmt"/>
    </file>
    <file name="index.ts" path="C:\Users\lightyen\typescript-paths\packages\typescript-paths\src\index.ts">
      <metrics statements="4" coveredstatements="4" conditionals="0" coveredconditionals="0" methods="0" coveredmethods="0"/>
      <line num="1" count="5" type="stmt"/>
      <line num="2" count="5" type="stmt"/>
      <line num="3" count="5" type="stmt"/>
      <line num="4" count="5" type="stmt"/>
    </file>
    <file name="logger.ts" path="C:\Users\lightyen\typescript-paths\packages\typescript-paths\src\logger.ts">
      <metrics statements="47" coveredstatements="18" conditionals="26" coveredconditionals="7" methods="5" coveredmethods="3"/>
      <line num="1" count="5" type="cond" truecount="2" falsecount="0"/>
      <line num="2" count="5" type="stmt"/>
      <line num="3" count="5" type="stmt"/>
      <line num="4" count="5" type="stmt"/>
      <line num="5" count="5" type="stmt"/>
      <line num="6" count="5" type="stmt"/>
      <line num="7" count="5" type="stmt"/>
      <line num="12" count="5" type="stmt"/>
      <line num="13" count="0" type="cond" truecount="0" falsecount="6"/>
      <line num="15" count="0" type="stmt"/>
      <line num="17" count="0" type="stmt"/>
      <line num="19" count="0" type="stmt"/>
      <line num="21" count="0" type="stmt"/>
      <line num="23" count="0" type="stmt"/>
      <line num="25" count="0" type="stmt"/>
      <line num="39" count="5" type="stmt"/>
      <line num="40" count="5" type="stmt"/>
      <line num="41" count="5" type="stmt"/>
      <line num="42" count="5" type="stmt"/>
      <line num="43" count="5" type="stmt"/>
      <line num="44" count="5" type="stmt"/>
      <line num="46" count="5" type="cond" truecount="1" falsecount="0"/>
      <line num="51" count="16" type="stmt"/>
      <line num="52" count="70" type="cond" truecount="1" falsecount="0"/>
      <line num="53" count="70" type="stmt"/>
      <line num="55" count="0" type="cond" truecount="0" falsecount="1"/>
      <line num="56" count="0" type="stmt"/>
      <line num="58" count="0" type="cond" truecount="0" falsecount="1"/>
      <line num="59" count="0" type="stmt"/>
      <line num="60" count="0" type="cond" truecount="0" falsecount="1"/>
      <line num="61" count="0" type="cond" truecount="0" falsecount="5"/>
      <line num="63" count="0" type="stmt"/>
      <line num="65" count="0" type="stmt"/>
      <line num="67" count="0" type="stmt"/>
      <line num="69" count="0" type="stmt"/>
      <line num="71" count="0" type="stmt"/>
      <line num="75" count="0" type="cond" truecount="0" falsecount="5"/>
      <line num="77" count="0" type="stmt"/>
      <line num="78" count="0" type="stmt"/>
      <line num="80" count="0" type="stmt"/>
      <line num="81" count="0" type="stmt"/>
      <line num="83" count="0" type="stmt"/>
      <line num="84" count="0" type="stmt"/>
      <line num="86" count="0" type="stmt"/>
      <line num="87" count="0" type="stmt"/>
      <line num="89" count="0" type="stmt"/>
      <line num="90" count="0" type="stmt"/>
    </file>
    <file name="paths.ts" path="C:\Users\lightyen\typescript-paths\packages\typescript-paths\src\paths.ts">
      <metrics statements="98" coveredstatements="98" conditionals="58" coveredconditionals="57" methods="7" coveredmethods="7"/>
      <line num="1" count="5" type="stmt"/>
      <line num="2" count="5" type="stmt"/>
      <line num="3" count="5" type="stmt"/>
      <line num="4" count="5" type="stmt"/>
      <line num="6" count="5" type="stmt"/>
      <line num="56" count="5" type="stmt"/>
      <line num="65" count="16" type="stmt"/>
      <line num="66" count="16" type="cond" truecount="1" falsecount="0"/>
      <line num="67" count="1" type="stmt"/>
      <line num="68" count="1" type="cond" truecount="1" falsecount="0"/>
      <line num="70" count="1" type="stmt"/>
      <line num="71" count="1" type="stmt"/>
      <line num="72" count="1" type="stmt"/>
      <line num="74" count="1" type="cond" truecount="1" falsecount="0"/>
      <line num="82" count="15" type="stmt"/>
      <line num="84" count="15" type="cond" truecount="1" falsecount="0"/>
      <line num="85" count="1" type="stmt"/>
      <line num="86" count="1" type="stmt"/>
      <line num="87" count="1" type="cond" truecount="1" falsecount="0"/>
      <line num="89" count="1" type="stmt"/>
      <line num="90" count="1" type="stmt"/>
      <line num="91" count="1" type="stmt"/>
      <line num="94" count="1" type="cond" truecount="1" falsecount="0"/>
      <line num="97" count="14" type="stmt"/>
      <line num="99" count="14" type="cond" truecount="1" falsecount="0"/>
      <line num="100" count="2" type="stmt"/>
      <line num="101" count="2" type="stmt"/>
      <line num="102" count="3" type="stmt"/>
      <line num="103" count="3" type="stmt"/>
      <line num="104" count="3" type="stmt"/>
      <line num="105" count="2" type="cond" truecount="1" falsecount="0"/>
      <line num="106" count="1" type="stmt"/>
      <line num="109" count="1" type="stmt"/>
      <line num="110" count="1" type="stmt"/>
      <line num="111" count="1" type="stmt"/>
      <line num="114" count="2" type="stmt"/>
      <line num="115" count="2" type="cond" truecount="1" falsecount="0"/>
      <line num="119" count="13" type="stmt"/>
      <line num="122" count="5" type="stmt"/>
      <line num="131" count="118" type="cond" truecount="8" falsecount="0"/>
      <line num="133" count="13" type="stmt"/>
      <line num="134" count="13" type="stmt"/>
      <line num="135" count="56" type="cond" truecount="1" falsecount="0"/>
      <line num="136" count="3" type="stmt"/>
      <line num="137" count="3" type="stmt"/>
      <line num="139" count="53" type="stmt"/>
      <line num="140" count="53" type="cond" truecount="1" falsecount="0"/>
      <line num="141" count="43" type="stmt"/>
      <line num="142" count="1419" type="cond" truecount="1" falsecount="0"/>
      <line num="143" count="1" type="stmt"/>
      <line num="144" count="1" type="stmt"/>
      <line num="145" count="1" type="stmt"/>
      <line num="149" count="53" type="stmt"/>
      <line num="150" count="62" type="cond" truecount="1" falsecount="0"/>
      <line num="151" count="2" type="stmt"/>
      <line num="155" count="2" type="stmt"/>
      <line num="157" count="60" type="stmt"/>
      <line num="159" count="53" type="cond" truecount="1" falsecount="0"/>
      <line num="160" count="3" type="stmt"/>
      <line num="162" count="50" type="cond" truecount="1" falsecount="0"/>
      <line num="163" count="2" type="stmt"/>
      <line num="164" count="2" type="stmt"/>
      <line num="166" count="48" type="stmt"/>
      <line num="175" count="13" type="stmt"/>
      <line num="176" count="50" type="stmt"/>
      <line num="179" count="13" type="stmt"/>
      <line num="182" count="5" type="stmt"/>
      <line num="183" count="224" type="stmt"/>
      <line num="188" count="5" type="stmt"/>
      <line num="189" count="58" type="stmt"/>
      <line num="191" count="58" type="stmt"/>
      <line num="192" count="409" type="stmt"/>
      <line num="193" count="409" type="cond" truecount="4" falsecount="0"/>
      <line num="194" count="60" type="cond" truecount="1" falsecount="0"/>
      <line num="195" count="43" type="stmt"/>
      <line num="196" count="43" type="stmt"/>
      <line num="198" count="349" type="cond" truecount="1" falsecount="0"/>
      <line num="199" count="12" type="stmt"/>
      <line num="200" count="12" type="stmt"/>
      <line num="203" count="58" type="stmt"/>
      <line num="206" count="5" type="stmt"/>
      <line num="221" count="54" type="stmt"/>
      <line num="222" count="54" type="cond" truecount="1" falsecount="0"/>
      <line num="223" count="9" type="stmt"/>
      <line num="226" count="45" type="stmt"/>
      <line num="228" count="45" type="stmt"/>
      <line num="229" count="48" type="cond" truecount="2" falsecount="0"/>
      <line num="230" count="48" type="cond" truecount="4" falsecount="0"/>
      <line num="231" count="48" type="stmt"/>
      <line num="232" count="48" type="stmt"/>
      <line num="233" count="48" type="cond" truecount="5" falsecount="0"/>
      <line num="239" count="7" type="stmt"/>
      <line num="241" count="41" type="stmt"/>
      <line num="242" count="41" type="cond" truecount="4" falsecount="1"/>
      <line num="243" count="27" type="stmt"/>
      <line num="245" count="14" type="cond" truecount="5" falsecount="0"/>
      <line num="246" count="2" type="stmt"/>
      <line num="250" count="9" type="stmt"/>
    </file>
    <file name="register.ts" path="C:\Users\lightyen\typescript-paths\packages\typescript-paths\src\register.ts">
      <metrics statements="18" coveredstatements="4" conditionals="5" coveredconditionals="0" methods="4" coveredmethods="0"/>
      <line num="1" count="5" type="stmt"/>
      <line num="2" count="5" type="stmt"/>
      <line num="3" count="5" type="stmt"/>
      <line num="14" count="5" type="cond" truecount="0" falsecount="1"/>
      <line num="22" count="0" type="stmt"/>
      <line num="23" count="0" type="stmt"/>
      <line num="24" count="0" type="cond" truecount="0" falsecount="1"/>
      <line num="25" count="0" type="stmt"/>
      <line num="28" count="0" type="stmt"/>
      <line num="30" count="0" type="stmt"/>
      <line num="31" count="0" type="cond" truecount="0" falsecount="1"/>
      <line num="33" count="0" type="stmt"/>
      <line num="34" count="0" type="cond" truecount="0" falsecount="1"/>
      <line num="35" count="0" type="stmt"/>
      <line num="36" count="0" type="stmt"/>
      <line num="39" count="0" type="stmt"/>
      <line num="42" count="0" type="stmt"/>
      <line num="43" count="0" type="stmt"/>
    </file>
  </project>
</coverage>
