{"C:\\Users\\lightyen\\typescript-paths\\packages\\typescript-paths\\src\\handler.ts": {"path":"C:\\Users\\lightyen\\typescript-paths\\packages\\typescript-paths\\src\\handler.ts","statementMap":{"0":{"start":{"line":1,"column":0},"end":{"line":1,"column":23}},"1":{"start":{"line":2,"column":0},"end":{"line":2,"column":27}},"2":{"start":{"line":3,"column":0},"end":{"line":3,"column":58}},"3":{"start":{"line":4,"column":0},"end":{"line":4,"column":89}},"4":{"start":{"line":27,"column":13},"end":{"line":27,"column":43}},"5":{"start":{"line":28,"column":1},"end":{"line":28,"column":null}},"6":{"start":{"line":28,"column":10},"end":{"line":28,"column":null}},"7":{"start":{"line":29,"column":1},"end":{"line":29,"column":null}},"8":{"start":{"line":26,"column":0},"end":{"line":26,"column":16}},"9":{"start":{"line":39,"column":1},"end":{"line":47,"column":null}},"10":{"start":{"line":40,"column":2},"end":{"line":46,"column":null}},"11":{"start":{"line":41,"column":3},"end":{"line":43,"column":null}},"12":{"start":{"line":42,"column":14},"end":{"line":42,"column":53}},"13":{"start":{"line":43,"column":52},"end":{"line":43,"column":62}},"14":{"start":{"line":45,"column":3},"end":{"line":45,"column":null}},"15":{"start":{"line":49,"column":29},"end":{"line":49,"column":31}},"16":{"start":{"line":50,"column":1},"end":{"line":54,"column":null}},"17":{"start":{"line":51,"column":2},"end":{"line":51,"column":null}},"18":{"start":{"line":52,"column":8},"end":{"line":54,"column":null}},"19":{"start":{"line":53,"column":2},"end":{"line":53,"column":null}},"20":{"start":{"line":57,"column":53},"end":{"line":57,"column":59}},"21":{"start":{"line":58,"column":2},"end":{"line":58,"column":78}},"22":{"start":{"line":58,"column":72},"end":{"line":58,"column":78}},"23":{"start":{"line":59,"column":2},"end":{"line":68,"column":null}},"24":{"start":{"line":69,"column":2},"end":{"line":73,"column":null}},"25":{"start":{"line":70,"column":3},"end":{"line":72,"column":null}},"26":{"start":{"line":71,"column":4},"end":{"line":71,"column":null}},"27":{"start":{"line":76,"column":1},"end":{"line":88,"column":null}},"28":{"start":{"line":77,"column":2},"end":{"line":77,"column":null}},"29":{"start":{"line":77,"column":47},"end":{"line":77,"column":null}},"30":{"start":{"line":79,"column":3},"end":{"line":85,"column":25}},"31":{"start":{"line":86,"column":2},"end":{"line":86,"column":null}},"32":{"start":{"line":86,"column":15},"end":{"line":86,"column":null}},"33":{"start":{"line":87,"column":2},"end":{"line":87,"column":null}},"34":{"start":{"line":90,"column":11},"end":{"line":95,"column":null}},"35":{"start":{"line":93,"column":3},"end":{"line":93,"column":null}},"36":{"start":{"line":93,"column":44},"end":{"line":93,"column":null}},"37":{"start":{"line":94,"column":3},"end":{"line":94,"column":null}},"38":{"start":{"line":98,"column":1},"end":{"line":125,"column":null}},"39":{"start":{"line":99,"column":2},"end":{"line":125,"column":15}},"40":{"start":{"line":100,"column":3},"end":{"line":102,"column":null}},"41":{"start":{"line":101,"column":4},"end":{"line":101,"column":null}},"42":{"start":{"line":103,"column":59},"end":{"line":103,"column":62}},"43":{"start":{"line":104,"column":17},"end":{"line":104,"column":36}},"44":{"start":{"line":105,"column":3},"end":{"line":116,"column":null}},"45":{"start":{"line":106,"column":4},"end":{"line":106,"column":null}},"46":{"start":{"line":107,"column":4},"end":{"line":107,"column":null}},"47":{"start":{"line":108,"column":4},"end":{"line":108,"column":null}},"48":{"start":{"line":108,"column":16},"end":{"line":108,"column":null}},"49":{"start":{"line":109,"column":10},"end":{"line":116,"column":null}},"50":{"start":{"line":110,"column":4},"end":{"line":110,"column":null}},"51":{"start":{"line":110,"column":31},"end":{"line":110,"column":null}},"52":{"start":{"line":111,"column":4},"end":{"line":111,"column":null}},"53":{"start":{"line":112,"column":4},"end":{"line":112,"column":null}},"54":{"start":{"line":114,"column":4},"end":{"line":114,"column":null}},"55":{"start":{"line":114,"column":31},"end":{"line":114,"column":null}},"56":{"start":{"line":115,"column":4},"end":{"line":115,"column":null}},"57":{"start":{"line":117,"column":3},"end":{"line":124,"column":null}},"58":{"start":{"line":32,"column":0},"end":{"line":32,"column":16}}},"fnMap":{"0":{"name":"fromTS_NODE_PROJECT","decl":{"start":{"line":26,"column":16},"end":{"line":26,"column":35}},"loc":{"start":{"line":26,"column":35},"end":{"line":30,"column":1}}},"1":{"name":"createHandler","decl":{"start":{"line":32,"column":16},"end":{"line":32,"column":29}},"loc":{"start":{"line":38,"column":39},"end":{"line":126,"column":1}}},"2":{"name":"(anonymous_3)","decl":{"start":{"line":42,"column":9},"end":{"line":42,"column":10}},"loc":{"start":{"line":42,"column":14},"end":{"line":42,"column":53}}},"3":{"name":"(anonymous_4)","decl":{"start":{"line":43,"column":12},"end":{"line":43,"column":13}},"loc":{"start":{"line":43,"column":52},"end":{"line":43,"column":62}}},"4":{"name":"addServices","decl":{"start":{"line":56,"column":10},"end":{"line":56,"column":21}},"loc":{"start":{"line":56,"column":45},"end":{"line":74,"column":2}}},"5":{"name":"(anonymous_6)","decl":{"start":{"line":92,"column":2},"end":{"line":92,"column":12}},"loc":{"start":{"line":92,"column":21},"end":{"line":95,"column":3}}},"6":{"name":"(anonymous_7)","decl":{"start":{"line":98,"column":8},"end":{"line":98,"column":9}},"loc":{"start":{"line":99,"column":2},"end":{"line":125,"column":15}}},"7":{"name":"(anonymous_8)","decl":{"start":{"line":99,"column":38},"end":{"line":99,"column":39}},"loc":{"start":{"line":99,"column":54},"end":{"line":125,"column":3}}}},"branchMap":{"0":{"loc":{"start":{"line":28,"column":1},"end":{"line":28,"column":null}},"type":"if","locations":[{"start":{"line":28,"column":1},"end":{"line":28,"column":null}}]},"1":{"loc":{"start":{"line":32,"column":30},"end":{"line":38,"column":39}},"type":"default-arg","locations":[{"start":{"line":38,"column":37},"end":{"line":38,"column":39}}]},"2":{"loc":{"start":{"line":34,"column":1},"end":{"line":34,"column":37}},"type":"default-arg","locations":[{"start":{"line":34,"column":16},"end":{"line":34,"column":37}}]},"3":{"loc":{"start":{"line":35,"column":1},"end":{"line":35,"column":25}},"type":"default-arg","locations":[{"start":{"line":35,"column":21},"end":{"line":35,"column":25}}]},"4":{"loc":{"start":{"line":36,"column":1},"end":{"line":36,"column":21}},"type":"default-arg","locations":[{"start":{"line":36,"column":7},"end":{"line":36,"column":21}}]},"5":{"loc":{"start":{"line":39,"column":1},"end":{"line":47,"column":null}},"type":"if","locations":[{"start":{"line":39,"column":1},"end":{"line":47,"column":null}}]},"6":{"loc":{"start":{"line":40,"column":2},"end":{"line":46,"column":null}},"type":"if","locations":[{"start":{"line":40,"column":2},"end":{"line":46,"column":null}},{"start":{"line":44,"column":9},"end":{"line":46,"column":null}}]},"7":{"loc":{"start":{"line":40,"column":6},"end":{"line":40,"column":47}},"type":"binary-expr","locations":[{"start":{"line":40,"column":6},"end":{"line":40,"column":16}},{"start":{"line":40,"column":20},"end":{"line":40,"column":47}}]},"8":{"loc":{"start":{"line":45,"column":18},"end":{"line":45,"column":104}},"type":"binary-expr","locations":[{"start":{"line":45,"column":18},"end":{"line":45,"column":98}},{"start":{"line":45,"column":102},"end":{"line":45,"column":104}}]},"9":{"loc":{"start":{"line":45,"column":36},"end":{"line":45,"column":78}},"type":"binary-expr","locations":[{"start":{"line":45,"column":36},"end":{"line":45,"column":46}},{"start":{"line":45,"column":50},"end":{"line":45,"column":78}}]},"10":{"loc":{"start":{"line":50,"column":1},"end":{"line":54,"column":null}},"type":"if","locations":[{"start":{"line":50,"column":1},"end":{"line":54,"column":null}},{"start":{"line":52,"column":8},"end":{"line":54,"column":null}}]},"11":{"loc":{"start":{"line":52,"column":8},"end":{"line":54,"column":null}},"type":"if","locations":[{"start":{"line":52,"column":8},"end":{"line":54,"column":null}}]},"12":{"loc":{"start":{"line":58,"column":2},"end":{"line":58,"column":78}},"type":"if","locations":[{"start":{"line":58,"column":2},"end":{"line":58,"column":78}}]},"13":{"loc":{"start":{"line":58,"column":6},"end":{"line":58,"column":70}},"type":"binary-expr","locations":[{"start":{"line":58,"column":6},"end":{"line":58,"column":28}},{"start":{"line":58,"column":32},"end":{"line":58,"column":70}}]},"14":{"loc":{"start":{"line":69,"column":2},"end":{"line":73,"column":null}},"type":"if","locations":[{"start":{"line":69,"column":2},"end":{"line":73,"column":null}}]},"15":{"loc":{"start":{"line":77,"column":2},"end":{"line":77,"column":null}},"type":"if","locations":[{"start":{"line":77,"column":2},"end":{"line":77,"column":null}}]},"16":{"loc":{"start":{"line":79,"column":3},"end":{"line":85,"column":25}},"type":"cond-expr","locations":[{"start":{"line":80,"column":6},"end":{"line":84,"column":8}},{"start":{"line":85,"column":6},"end":{"line":85,"column":25}}]},"17":{"loc":{"start":{"line":86,"column":2},"end":{"line":86,"column":null}},"type":"if","locations":[{"start":{"line":86,"column":2},"end":{"line":86,"column":null}}]},"18":{"loc":{"start":{"line":93,"column":3},"end":{"line":93,"column":null}},"type":"if","locations":[{"start":{"line":93,"column":3},"end":{"line":93,"column":null}}]},"19":{"loc":{"start":{"line":100,"column":3},"end":{"line":102,"column":null}},"type":"if","locations":[{"start":{"line":100,"column":3},"end":{"line":102,"column":null}}]},"20":{"loc":{"start":{"line":105,"column":3},"end":{"line":116,"column":null}},"type":"if","locations":[{"start":{"line":105,"column":3},"end":{"line":116,"column":null}},{"start":{"line":109,"column":10},"end":{"line":116,"column":null}}]},"21":{"loc":{"start":{"line":108,"column":4},"end":{"line":108,"column":null}},"type":"if","locations":[{"start":{"line":108,"column":4},"end":{"line":108,"column":null}}]},"22":{"loc":{"start":{"line":109,"column":10},"end":{"line":116,"column":null}},"type":"if","locations":[{"start":{"line":109,"column":10},"end":{"line":116,"column":null}},{"start":{"line":113,"column":10},"end":{"line":116,"column":null}}]},"23":{"loc":{"start":{"line":110,"column":4},"end":{"line":110,"column":null}},"type":"if","locations":[{"start":{"line":110,"column":4},"end":{"line":110,"column":null}}]},"24":{"loc":{"start":{"line":114,"column":4},"end":{"line":114,"column":null}},"type":"if","locations":[{"start":{"line":114,"column":4},"end":{"line":114,"column":null}}]}},"s":{"0":5,"1":5,"2":5,"3":5,"4":6,"5":6,"6":1,"7":5,"8":5,"9":10,"10":4,"11":1,"12":2,"13":2,"14":3,"15":10,"16":10,"17":8,"18":2,"19":1,"20":12,"21":12,"22":2,"23":10,"24":10,"25":1,"26":2,"27":10,"28":11,"29":10,"30":11,"31":11,"32":1,"33":10,"34":9,"35":95,"36":17,"37":78,"38":9,"39":56,"40":82,"41":8,"42":74,"43":74,"44":74,"45":60,"46":60,"47":60,"48":14,"49":14,"50":6,"51":0,"52":6,"53":6,"54":8,"55":0,"56":8,"57":54,"58":5},"f":{"0":6,"1":10,"2":2,"3":2,"4":12,"5":95,"6":56,"7":82},"b":{"0":[1],"1":[1],"2":[4],"3":[9],"4":[8],"5":[4],"6":[1,3],"7":[4,3],"8":[3,0],"9":[3,1],"10":[8,2],"11":[1],"12":[2],"13":[12,10],"14":[1],"15":[10],"16":[10,1],"17":[1],"18":[17],"19":[8],"20":[60,14],"21":[14],"22":[6,8],"23":[0],"24":[0]}}
,"C:\\Users\\lightyen\\typescript-paths\\packages\\typescript-paths\\src\\index.ts": {"path":"C:\\Users\\lightyen\\typescript-paths\\packages\\typescript-paths\\src\\index.ts","statementMap":{"0":{"start":{"line":1,"column":0},"end":{"line":1,"column":25}},"1":{"start":{"line":2,"column":0},"end":{"line":2,"column":24}},"2":{"start":{"line":3,"column":0},"end":{"line":3,"column":23}},"3":{"start":{"line":4,"column":0},"end":{"line":4,"column":26}}},"fnMap":{},"branchMap":{},"s":{"0":5,"1":5,"2":5,"3":5},"f":{},"b":{}}
,"C:\\Users\\lightyen\\typescript-paths\\packages\\typescript-paths\\src\\logger.ts": {"path":"C:\\Users\\lightyen\\typescript-paths\\packages\\typescript-paths\\src\\logger.ts","statementMap":{"0":{"start":{"line":1,"column":0},"end":{"line":1,"column":null}},"1":{"start":{"line":2,"column":1},"end":{"line":2,"column":null}},"2":{"start":{"line":3,"column":1},"end":{"line":3,"column":null}},"3":{"start":{"line":4,"column":1},"end":{"line":4,"column":null}},"4":{"start":{"line":5,"column":1},"end":{"line":5,"column":null}},"5":{"start":{"line":6,"column":1},"end":{"line":6,"column":null}},"6":{"start":{"line":7,"column":1},"end":{"line":7,"column":null}},"7":{"start":{"line":13,"column":1},"end":{"line":26,"column":null}},"8":{"start":{"line":15,"column":3},"end":{"line":15,"column":null}},"9":{"start":{"line":17,"column":3},"end":{"line":17,"column":null}},"10":{"start":{"line":19,"column":3},"end":{"line":19,"column":null}},"11":{"start":{"line":21,"column":3},"end":{"line":21,"column":null}},"12":{"start":{"line":23,"column":3},"end":{"line":23,"column":null}},"13":{"start":{"line":25,"column":3},"end":{"line":25,"column":null}},"14":{"start":{"line":12,"column":0},"end":{"line":12,"column":16}},"15":{"start":{"line":39,"column":14},"end":{"line":39,"column":23}},"16":{"start":{"line":40,"column":14},"end":{"line":40,"column":24}},"17":{"start":{"line":41,"column":17},"end":{"line":41,"column":27}},"18":{"start":{"line":42,"column":15},"end":{"line":42,"column":25}},"19":{"start":{"line":43,"column":15},"end":{"line":43,"column":25}},"20":{"start":{"line":44,"column":18},"end":{"line":44,"column":28}},"21":{"start":{"line":51,"column":1},"end":{"line":92,"column":null}},"22":{"start":{"line":52,"column":2},"end":{"line":54,"column":null}},"23":{"start":{"line":53,"column":3},"end":{"line":53,"column":9}},"24":{"start":{"line":55,"column":2},"end":{"line":57,"column":null}},"25":{"start":{"line":56,"column":3},"end":{"line":56,"column":null}},"26":{"start":{"line":58,"column":2},"end":{"line":74,"column":null}},"27":{"start":{"line":59,"column":3},"end":{"line":73,"column":null}},"28":{"start":{"line":60,"column":4},"end":{"line":60,"column":null}},"29":{"start":{"line":60,"column":31},"end":{"line":60,"column":null}},"30":{"start":{"line":61,"column":4},"end":{"line":72,"column":null}},"31":{"start":{"line":63,"column":6},"end":{"line":63,"column":null}},"32":{"start":{"line":65,"column":6},"end":{"line":65,"column":null}},"33":{"start":{"line":67,"column":6},"end":{"line":67,"column":null}},"34":{"start":{"line":69,"column":6},"end":{"line":69,"column":null}},"35":{"start":{"line":71,"column":6},"end":{"line":71,"column":null}},"36":{"start":{"line":75,"column":2},"end":{"line":91,"column":null}},"37":{"start":{"line":77,"column":4},"end":{"line":77,"column":null}},"38":{"start":{"line":78,"column":4},"end":{"line":78,"column":9}},"39":{"start":{"line":80,"column":4},"end":{"line":80,"column":null}},"40":{"start":{"line":81,"column":4},"end":{"line":81,"column":9}},"41":{"start":{"line":83,"column":4},"end":{"line":83,"column":null}},"42":{"start":{"line":84,"column":4},"end":{"line":84,"column":9}},"43":{"start":{"line":86,"column":4},"end":{"line":86,"column":null}},"44":{"start":{"line":87,"column":4},"end":{"line":87,"column":9}},"45":{"start":{"line":89,"column":4},"end":{"line":89,"column":null}},"46":{"start":{"line":90,"column":4},"end":{"line":90,"column":9}},"47":{"start":{"line":46,"column":0},"end":{"line":46,"column":16}}},"fnMap":{"0":{"name":"(anonymous_0)","decl":{"start":{"line":1,"column":0},"end":{"line":1,"column":12}},"loc":{"start":{"line":1,"column":20},"end":{"line":8,"column":1}}},"1":{"name":"convertLogLevel","decl":{"start":{"line":12,"column":16},"end":{"line":12,"column":31}},"loc":{"start":{"line":12,"column":53},"end":{"line":27,"column":1}}},"2":{"name":"createLogger","decl":{"start":{"line":46,"column":16},"end":{"line":46,"column":28}},"loc":{"start":{"line":50,"column":24},"end":{"line":93,"column":1}}},"3":{"name":"log","decl":{"start":{"line":51,"column":17},"end":{"line":51,"column":20}},"loc":{"start":{"line":51,"column":35},"end":{"line":92,"column":2}}},"4":{"name":"(anonymous_4)","decl":{"start":{"line":59,"column":19},"end":{"line":59,"column":20}},"loc":{"start":{"line":59,"column":23},"end":{"line":73,"column":4}}}},"branchMap":{"0":{"loc":{"start":{"line":1,"column":12},"end":{"line":1,"column":null}},"type":"binary-expr","locations":[{"start":{"line":1,"column":12},"end":{"line":1,"column":20}},{"start":{"line":1,"column":12},"end":{"line":1,"column":null}}]},"1":{"loc":{"start":{"line":13,"column":1},"end":{"line":26,"column":null}},"type":"switch","locations":[{"start":{"line":14,"column":2},"end":{"line":15,"column":null}},{"start":{"line":16,"column":2},"end":{"line":17,"column":null}},{"start":{"line":18,"column":2},"end":{"line":19,"column":null}},{"start":{"line":20,"column":2},"end":{"line":21,"column":null}},{"start":{"line":22,"column":2},"end":{"line":23,"column":null}},{"start":{"line":24,"column":2},"end":{"line":25,"column":null}}]},"2":{"loc":{"start":{"line":46,"column":29},"end":{"line":50,"column":24}},"type":"default-arg","locations":[{"start":{"line":50,"column":22},"end":{"line":50,"column":24}}]},"3":{"loc":{"start":{"line":47,"column":1},"end":{"line":47,"column":25}},"type":"default-arg","locations":[{"start":{"line":47,"column":12},"end":{"line":47,"column":25}}]},"4":{"loc":{"start":{"line":48,"column":1},"end":{"line":48,"column":14}},"type":"default-arg","locations":[{"start":{"line":48,"column":10},"end":{"line":48,"column":14}}]},"5":{"loc":{"start":{"line":49,"column":1},"end":{"line":49,"column":24}},"type":"default-arg","locations":[{"start":{"line":49,"column":6},"end":{"line":49,"column":24}}]},"6":{"loc":{"start":{"line":52,"column":2},"end":{"line":54,"column":null}},"type":"if","locations":[{"start":{"line":52,"column":2},"end":{"line":54,"column":null}}]},"7":{"loc":{"start":{"line":55,"column":2},"end":{"line":57,"column":null}},"type":"if","locations":[{"start":{"line":55,"column":2},"end":{"line":57,"column":null}}]},"8":{"loc":{"start":{"line":58,"column":2},"end":{"line":74,"column":null}},"type":"if","locations":[{"start":{"line":58,"column":2},"end":{"line":74,"column":null}}]},"9":{"loc":{"start":{"line":60,"column":4},"end":{"line":60,"column":null}},"type":"if","locations":[{"start":{"line":60,"column":4},"end":{"line":60,"column":null}}]},"10":{"loc":{"start":{"line":61,"column":4},"end":{"line":72,"column":null}},"type":"switch","locations":[{"start":{"line":62,"column":5},"end":{"line":63,"column":null}},{"start":{"line":64,"column":5},"end":{"line":65,"column":null}},{"start":{"line":66,"column":5},"end":{"line":67,"column":null}},{"start":{"line":68,"column":5},"end":{"line":69,"column":null}},{"start":{"line":70,"column":5},"end":{"line":71,"column":null}}]},"11":{"loc":{"start":{"line":75,"column":2},"end":{"line":91,"column":null}},"type":"switch","locations":[{"start":{"line":76,"column":3},"end":{"line":78,"column":9}},{"start":{"line":79,"column":3},"end":{"line":81,"column":9}},{"start":{"line":82,"column":3},"end":{"line":84,"column":9}},{"start":{"line":85,"column":3},"end":{"line":87,"column":9}},{"start":{"line":88,"column":3},"end":{"line":90,"column":9}}]}},"s":{"0":5,"1":5,"2":5,"3":5,"4":5,"5":5,"6":5,"7":0,"8":0,"9":0,"10":0,"11":0,"12":0,"13":0,"14":5,"15":5,"16":5,"17":5,"18":5,"19":5,"20":5,"21":16,"22":70,"23":70,"24":0,"25":0,"26":0,"27":0,"28":0,"29":0,"30":0,"31":0,"32":0,"33":0,"34":0,"35":0,"36":0,"37":0,"38":0,"39":0,"40":0,"41":0,"42":0,"43":0,"44":0,"45":0,"46":0,"47":5},"f":{"0":5,"1":0,"2":16,"3":70,"4":0},"b":{"0":[5,5],"1":[0,0,0,0,0,0],"2":[11],"3":[11],"4":[16],"5":[16],"6":[70],"7":[0],"8":[0],"9":[0],"10":[0,0,0,0,0],"11":[0,0,0,0,0]}}
,"C:\\Users\\lightyen\\typescript-paths\\packages\\typescript-paths\\src\\paths.ts": {"path":"C:\\Users\\lightyen\\typescript-paths\\packages\\typescript-paths\\src\\paths.ts","statementMap":{"0":{"start":{"line":1,"column":0},"end":{"line":1,"column":19}},"1":{"start":{"line":2,"column":0},"end":{"line":2,"column":23}},"2":{"start":{"line":3,"column":0},"end":{"line":3,"column":27}},"3":{"start":{"line":4,"column":0},"end":{"line":4,"column":58}},"4":{"start":{"line":6,"column":13},"end":{"line":40,"column":null}},"5":{"start":{"line":65,"column":27},"end":{"line":65,"column":73}},"6":{"start":{"line":66,"column":1},"end":{"line":75,"column":null}},"7":{"start":{"line":67,"column":17},"end":{"line":67,"column":22}},"8":{"start":{"line":68,"column":2},"end":{"line":73,"column":null}},"9":{"start":{"line":70,"column":4},"end":{"line":70,"column":null}},"10":{"start":{"line":71,"column":4},"end":{"line":71,"column":null}},"11":{"start":{"line":72,"column":4},"end":{"line":72,"column":9}},"12":{"start":{"line":74,"column":2},"end":{"line":74,"column":null}},"13":{"start":{"line":74,"column":16},"end":{"line":74,"column":null}},"14":{"start":{"line":82,"column":5},"end":{"line":82,"column":90}},"15":{"start":{"line":84,"column":1},"end":{"line":95,"column":null}},"16":{"start":{"line":85,"column":17},"end":{"line":85,"column":22}},"17":{"start":{"line":86,"column":2},"end":{"line":93,"column":null}},"18":{"start":{"line":87,"column":3},"end":{"line":92,"column":null}},"19":{"start":{"line":89,"column":5},"end":{"line":89,"column":null}},"20":{"start":{"line":90,"column":5},"end":{"line":90,"column":null}},"21":{"start":{"line":91,"column":5},"end":{"line":91,"column":10}},"22":{"start":{"line":94,"column":2},"end":{"line":94,"column":null}},"23":{"start":{"line":94,"column":16},"end":{"line":94,"column":null}},"24":{"start":{"line":97,"column":30},"end":{"line":97,"column":91}},"25":{"start":{"line":99,"column":1},"end":{"line":117,"column":null}},"26":{"start":{"line":100,"column":2},"end":{"line":100,"column":null}},"27":{"start":{"line":101,"column":2},"end":{"line":116,"column":null}},"28":{"start":{"line":102,"column":22},"end":{"line":102,"column":28}},"29":{"start":{"line":103,"column":3},"end":{"line":112,"column":null}},"30":{"start":{"line":104,"column":17},"end":{"line":104,"column":43}},"31":{"start":{"line":105,"column":4},"end":{"line":107,"column":null}},"32":{"start":{"line":106,"column":5},"end":{"line":106,"column":null}},"33":{"start":{"line":109,"column":18},"end":{"line":109,"column":30}},"34":{"start":{"line":110,"column":4},"end":{"line":110,"column":null}},"35":{"start":{"line":111,"column":4},"end":{"line":111,"column":null}},"36":{"start":{"line":114,"column":15},"end":{"line":114,"column":55}},"37":{"start":{"line":115,"column":3},"end":{"line":115,"column":null}},"38":{"start":{"line":115,"column":12},"end":{"line":115,"column":null}},"39":{"start":{"line":119,"column":1},"end":{"line":119,"column":null}},"40":{"start":{"line":56,"column":0},"end":{"line":56,"column":16}},"41":{"start":{"line":131,"column":23},"end":{"line":131,"column":null}},"42":{"start":{"line":131,"column":42},"end":{"line":131,"column":null}},"43":{"start":{"line":133,"column":29},"end":{"line":133,"column":31}},"44":{"start":{"line":134,"column":1},"end":{"line":173,"column":null}},"45":{"start":{"line":135,"column":2},"end":{"line":138,"column":null}},"46":{"start":{"line":136,"column":3},"end":{"line":136,"column":null}},"47":{"start":{"line":137,"column":3},"end":{"line":137,"column":11}},"48":{"start":{"line":139,"column":19},"end":{"line":139,"column":39}},"49":{"start":{"line":140,"column":2},"end":{"line":148,"column":null}},"50":{"start":{"line":141,"column":3},"end":{"line":147,"column":null}},"51":{"start":{"line":142,"column":4},"end":{"line":146,"column":null}},"52":{"start":{"line":143,"column":5},"end":{"line":143,"column":null}},"53":{"start":{"line":144,"column":5},"end":{"line":144,"column":null}},"54":{"start":{"line":145,"column":5},"end":{"line":145,"column":13}},"55":{"start":{"line":149,"column":18},"end":{"line":158,"column":4}},"56":{"start":{"line":150,"column":3},"end":{"line":156,"column":null}},"57":{"start":{"line":151,"column":4},"end":{"line":154,"column":null}},"58":{"start":{"line":155,"column":4},"end":{"line":155,"column":null}},"59":{"start":{"line":157,"column":3},"end":{"line":157,"column":null}},"60":{"start":{"line":159,"column":2},"end":{"line":161,"column":null}},"61":{"start":{"line":160,"column":3},"end":{"line":160,"column":11}},"62":{"start":{"line":162,"column":2},"end":{"line":165,"column":null}},"63":{"start":{"line":163,"column":3},"end":{"line":163,"column":null}},"64":{"start":{"line":164,"column":3},"end":{"line":164,"column":11}},"65":{"start":{"line":166,"column":2},"end":{"line":172,"column":null}},"66":{"start":{"line":175,"column":1},"end":{"line":177,"column":null}},"67":{"start":{"line":176,"column":2},"end":{"line":176,"column":null}},"68":{"start":{"line":179,"column":1},"end":{"line":179,"column":null}},"69":{"start":{"line":122,"column":0},"end":{"line":122,"column":16}},"70":{"start":{"line":183,"column":1},"end":{"line":185,"column":null}},"71":{"start":{"line":182,"column":0},"end":{"line":182,"column":16}},"72":{"start":{"line":189,"column":34},"end":{"line":189,"column":36}},"73":{"start":{"line":191,"column":1},"end":{"line":202,"column":null}},"74":{"start":{"line":192,"column":48},"end":{"line":192,"column":55}},"75":{"start":{"line":193,"column":2},"end":{"line":201,"column":null}},"76":{"start":{"line":194,"column":3},"end":{"line":197,"column":null}},"77":{"start":{"line":195,"column":4},"end":{"line":195,"column":null}},"78":{"start":{"line":196,"column":4},"end":{"line":196,"column":null}},"79":{"start":{"line":198,"column":9},"end":{"line":201,"column":null}},"80":{"start":{"line":199,"column":3},"end":{"line":199,"column":null}},"81":{"start":{"line":200,"column":3},"end":{"line":200,"column":8}},"82":{"start":{"line":203,"column":1},"end":{"line":203,"column":null}},"83":{"start":{"line":188,"column":0},"end":{"line":188,"column":16}},"84":{"start":{"line":221,"column":17},"end":{"line":221,"column":45}},"85":{"start":{"line":222,"column":1},"end":{"line":224,"column":null}},"86":{"start":{"line":223,"column":2},"end":{"line":223,"column":null}},"87":{"start":{"line":226,"column":25},"end":{"line":226,"column":101}},"88":{"start":{"line":228,"column":1},"end":{"line":248,"column":null}},"89":{"start":{"line":229,"column":18},"end":{"line":229,"column":82}},"90":{"start":{"line":230,"column":16},"end":{"line":230,"column":72}},"91":{"start":{"line":231,"column":21},"end":{"line":231,"column":48}},"92":{"start":{"line":232,"column":14},"end":{"line":232,"column":38}},"93":{"start":{"line":233,"column":2},"end":{"line":240,"column":null}},"94":{"start":{"line":239,"column":4},"end":{"line":239,"column":null}},"95":{"start":{"line":241,"column":17},"end":{"line":241,"column":82}},"96":{"start":{"line":242,"column":2},"end":{"line":244,"column":null}},"97":{"start":{"line":243,"column":3},"end":{"line":243,"column":null}},"98":{"start":{"line":245,"column":2},"end":{"line":247,"column":null}},"99":{"start":{"line":246,"column":3},"end":{"line":246,"column":null}},"100":{"start":{"line":250,"column":1},"end":{"line":250,"column":null}},"101":{"start":{"line":206,"column":0},"end":{"line":206,"column":16}}},"fnMap":{"0":{"name":"getTsConfig","decl":{"start":{"line":56,"column":16},"end":{"line":56,"column":27}},"loc":{"start":{"line":64,"column":1},"end":{"line":120,"column":1}}},"1":{"name":"createMappings","decl":{"start":{"line":122,"column":16},"end":{"line":122,"column":30}},"loc":{"start":{"line":130,"column":1},"end":{"line":180,"column":1}}},"2":{"name":"(anonymous_3)","decl":{"start":{"line":131,"column":23},"end":{"line":131,"column":24}},"loc":{"start":{"line":131,"column":41},"end":{"line":131,"column":null}}},"3":{"name":"(anonymous_4)","decl":{"start":{"line":149,"column":40},"end":{"line":149,"column":46}},"loc":{"start":{"line":149,"column":49},"end":{"line":158,"column":3}}},"4":{"name":"isPatternMatch","decl":{"start":{"line":182,"column":16},"end":{"line":182,"column":30}},"loc":{"start":{"line":182,"column":80},"end":{"line":186,"column":1}}},"5":{"name":"findMatch","decl":{"start":{"line":188,"column":16},"end":{"line":188,"column":25}},"loc":{"start":{"line":188,"column":65},"end":{"line":204,"column":1}}},"6":{"name":"resolveModuleName","decl":{"start":{"line":206,"column":16},"end":{"line":206,"column":33}},"loc":{"start":{"line":220,"column":1},"end":{"line":251,"column":1}}}},"branchMap":{"0":{"loc":{"start":{"line":58,"column":1},"end":{"line":58,"column":21}},"type":"default-arg","locations":[{"start":{"line":58,"column":7},"end":{"line":58,"column":21}}]},"1":{"loc":{"start":{"line":59,"column":1},"end":{"line":59,"column":14}},"type":"default-arg","locations":[{"start":{"line":59,"column":8},"end":{"line":59,"column":14}}]},"2":{"loc":{"start":{"line":66,"column":1},"end":{"line":75,"column":null}},"type":"if","locations":[{"start":{"line":66,"column":1},"end":{"line":75,"column":null}}]},"3":{"loc":{"start":{"line":68,"column":2},"end":{"line":73,"column":null}},"type":"switch","locations":[{"start":{"line":69,"column":3},"end":{"line":72,"column":9}}]},"4":{"loc":{"start":{"line":74,"column":2},"end":{"line":74,"column":null}},"type":"if","locations":[{"start":{"line":74,"column":2},"end":{"line":74,"column":null}}]},"5":{"loc":{"start":{"line":84,"column":1},"end":{"line":95,"column":null}},"type":"if","locations":[{"start":{"line":84,"column":1},"end":{"line":95,"column":null}}]},"6":{"loc":{"start":{"line":87,"column":3},"end":{"line":92,"column":null}},"type":"switch","locations":[{"start":{"line":88,"column":4},"end":{"line":91,"column":10}}]},"7":{"loc":{"start":{"line":94,"column":2},"end":{"line":94,"column":null}},"type":"if","locations":[{"start":{"line":94,"column":2},"end":{"line":94,"column":null}}]},"8":{"loc":{"start":{"line":99,"column":1},"end":{"line":117,"column":null}},"type":"if","locations":[{"start":{"line":99,"column":1},"end":{"line":117,"column":null}}]},"9":{"loc":{"start":{"line":105,"column":4},"end":{"line":107,"column":null}},"type":"if","locations":[{"start":{"line":105,"column":4},"end":{"line":107,"column":null}}]},"10":{"loc":{"start":{"line":115,"column":3},"end":{"line":115,"column":null}},"type":"if","locations":[{"start":{"line":115,"column":3},"end":{"line":115,"column":null}}]},"11":{"loc":{"start":{"line":124,"column":1},"end":{"line":124,"column":21}},"type":"default-arg","locations":[{"start":{"line":124,"column":7},"end":{"line":124,"column":21}}]},"12":{"loc":{"start":{"line":125,"column":1},"end":{"line":125,"column":25}},"type":"default-arg","locations":[{"start":{"line":125,"column":21},"end":{"line":125,"column":25}}]},"13":{"loc":{"start":{"line":131,"column":42},"end":{"line":131,"column":73}},"type":"cond-expr","locations":[{"start":{"line":131,"column":68},"end":{"line":131,"column":72}},{"start":{"line":131,"column":72},"end":{"line":131,"column":73}}]},"14":{"loc":{"start":{"line":131,"column":42},"end":{"line":131,"column":72}},"type":"binary-expr","locations":[{"start":{"line":131,"column":42},"end":{"line":131,"column":72}},{"start":{"line":131,"column":68},"end":{"line":131,"column":72}}]},"15":{"loc":{"start":{"line":131,"column":42},"end":{"line":131,"column":68}},"type":"cond-expr","locations":[{"start":{"line":131,"column":60},"end":{"line":131,"column":62}},{"start":{"line":131,"column":60},"end":{"line":131,"column":68}}]},"16":{"loc":{"start":{"line":131,"column":42},"end":{"line":131,"column":62}},"type":"binary-expr","locations":[{"start":{"line":131,"column":42},"end":{"line":131,"column":62}},{"start":{"line":131,"column":60},"end":{"line":131,"column":62}}]},"17":{"loc":{"start":{"line":135,"column":2},"end":{"line":138,"column":null}},"type":"if","locations":[{"start":{"line":135,"column":2},"end":{"line":138,"column":null}}]},"18":{"loc":{"start":{"line":140,"column":2},"end":{"line":148,"column":null}},"type":"if","locations":[{"start":{"line":140,"column":2},"end":{"line":148,"column":null}}]},"19":{"loc":{"start":{"line":142,"column":4},"end":{"line":146,"column":null}},"type":"if","locations":[{"start":{"line":142,"column":4},"end":{"line":146,"column":null}}]},"20":{"loc":{"start":{"line":150,"column":3},"end":{"line":156,"column":null}},"type":"if","locations":[{"start":{"line":150,"column":3},"end":{"line":156,"column":null}}]},"21":{"loc":{"start":{"line":159,"column":2},"end":{"line":161,"column":null}},"type":"if","locations":[{"start":{"line":159,"column":2},"end":{"line":161,"column":null}}]},"22":{"loc":{"start":{"line":162,"column":2},"end":{"line":165,"column":null}},"type":"if","locations":[{"start":{"line":162,"column":2},"end":{"line":165,"column":null}}]},"23":{"loc":{"start":{"line":184,"column":2},"end":{"line":184,"column":113}},"type":"binary-expr","locations":[{"start":{"line":184,"column":2},"end":{"line":184,"column":51}},{"start":{"line":184,"column":55},"end":{"line":184,"column":83}},{"start":{"line":184,"column":87},"end":{"line":184,"column":113}}]},"24":{"loc":{"start":{"line":193,"column":2},"end":{"line":201,"column":null}},"type":"if","locations":[{"start":{"line":193,"column":2},"end":{"line":201,"column":null}},{"start":{"line":198,"column":9},"end":{"line":201,"column":null}}]},"25":{"loc":{"start":{"line":193,"column":6},"end":{"line":193,"column":60}},"type":"binary-expr","locations":[{"start":{"line":193,"column":6},"end":{"line":193,"column":14}},{"start":{"line":193,"column":18},"end":{"line":193,"column":60}}]},"26":{"loc":{"start":{"line":194,"column":3},"end":{"line":197,"column":null}},"type":"if","locations":[{"start":{"line":194,"column":3},"end":{"line":197,"column":null}}]},"27":{"loc":{"start":{"line":198,"column":9},"end":{"line":201,"column":null}},"type":"if","locations":[{"start":{"line":198,"column":9},"end":{"line":201,"column":null}}]},"28":{"loc":{"start":{"line":222,"column":1},"end":{"line":224,"column":null}},"type":"if","locations":[{"start":{"line":222,"column":1},"end":{"line":224,"column":null}}]},"29":{"loc":{"start":{"line":229,"column":18},"end":{"line":229,"column":82}},"type":"cond-expr","locations":[{"start":{"line":229,"column":37},"end":{"line":229,"column":73}},{"start":{"line":229,"column":76},"end":{"line":229,"column":82}}]},"30":{"loc":{"start":{"line":230,"column":16},"end":{"line":230,"column":72}},"type":"cond-expr","locations":[{"start":{"line":230,"column":39},"end":{"line":230,"column":43}},{"start":{"line":230,"column":43},"end":{"line":230,"column":72}}]},"31":{"loc":{"start":{"line":230,"column":16},"end":{"line":230,"column":43}},"type":"binary-expr","locations":[{"start":{"line":230,"column":16},"end":{"line":230,"column":43}},{"start":{"line":230,"column":39},"end":{"line":230,"column":43}}]},"32":{"loc":{"start":{"line":233,"column":2},"end":{"line":240,"column":null}},"type":"switch","locations":[{"start":{"line":234,"column":3},"end":{"line":234,"column":14}},{"start":{"line":235,"column":3},"end":{"line":235,"column":15}},{"start":{"line":236,"column":3},"end":{"line":236,"column":16}},{"start":{"line":237,"column":3},"end":{"line":237,"column":14}},{"start":{"line":238,"column":3},"end":{"line":239,"column":null}}]},"33":{"loc":{"start":{"line":242,"column":2},"end":{"line":244,"column":null}},"type":"if","locations":[{"start":{"line":242,"column":2},"end":{"line":244,"column":null}}]},"34":{"loc":{"start":{"line":242,"column":6},"end":{"line":242,"column":28}},"type":"cond-expr","locations":[{"start":{"line":242,"column":12},"end":{"line":242,"column":14}},{"start":{"line":242,"column":6},"end":{"line":242,"column":28}}]},"35":{"loc":{"start":{"line":242,"column":6},"end":{"line":242,"column":14}},"type":"binary-expr","locations":[{"start":{"line":242,"column":6},"end":{"line":242,"column":14}},{"start":{"line":242,"column":6},"end":{"line":242,"column":14}}]},"36":{"loc":{"start":{"line":245,"column":2},"end":{"line":247,"column":null}},"type":"if","locations":[{"start":{"line":245,"column":2},"end":{"line":247,"column":null}}]},"37":{"loc":{"start":{"line":245,"column":6},"end":{"line":245,"column":29}},"type":"cond-expr","locations":[{"start":{"line":245,"column":15},"end":{"line":245,"column":18}},{"start":{"line":245,"column":6},"end":{"line":245,"column":29}}]},"38":{"loc":{"start":{"line":245,"column":6},"end":{"line":245,"column":18}},"type":"binary-expr","locations":[{"start":{"line":245,"column":6},"end":{"line":245,"column":18}},{"start":{"line":245,"column":6},"end":{"line":245,"column":18}}]}},"s":{"0":5,"1":5,"2":5,"3":5,"4":5,"5":16,"6":16,"7":1,"8":1,"9":1,"10":1,"11":1,"12":1,"13":1,"14":15,"15":15,"16":1,"17":1,"18":1,"19":1,"20":1,"21":1,"22":1,"23":1,"24":14,"25":14,"26":2,"27":2,"28":3,"29":3,"30":3,"31":2,"32":1,"33":1,"34":1,"35":1,"36":2,"37":2,"38":2,"39":13,"40":5,"41":13,"42":118,"43":13,"44":13,"45":56,"46":3,"47":3,"48":53,"49":53,"50":43,"51":1419,"52":1,"53":1,"54":1,"55":53,"56":62,"57":2,"58":2,"59":60,"60":53,"61":3,"62":50,"63":2,"64":2,"65":48,"66":13,"67":50,"68":13,"69":5,"70":224,"71":5,"72":58,"73":58,"74":409,"75":409,"76":60,"77":43,"78":43,"79":349,"80":12,"81":12,"82":58,"83":5,"84":54,"85":54,"86":9,"87":45,"88":45,"89":48,"90":48,"91":48,"92":48,"93":48,"94":7,"95":41,"96":41,"97":27,"98":14,"99":2,"100":9,"101":5},"f":{"0":16,"1":13,"2":118,"3":62,"4":224,"5":58,"6":54},"b":{"0":[1],"1":[4],"2":[1],"3":[1],"4":[1],"5":[1],"6":[1],"7":[1],"8":[2],"9":[1],"10":[2],"11":[2],"12":[2],"13":[83,35],"14":[118,118],"15":[35,83],"16":[118,83],"17":[3],"18":[43],"19":[1],"20":[2],"21":[3],"22":[2],"23":[224,165,60],"24":[60,349],"25":[409,224],"26":[43],"27":[12],"28":[9],"29":[36,12],"30":[4,44],"31":[48,48],"32":[7,7,7,7,7],"33":[27],"34":[0,41],"35":[41,41],"36":[2],"37":[12,2],"38":[14,14]}}
,"C:\\Users\\lightyen\\typescript-paths\\packages\\typescript-paths\\src\\register.ts": {"path":"C:\\Users\\lightyen\\typescript-paths\\packages\\typescript-paths\\src\\register.ts","statementMap":{"0":{"start":{"line":1,"column":0},"end":{"line":1,"column":27}},"1":{"start":{"line":2,"column":0},"end":{"line":2,"column":57}},"2":{"start":{"line":3,"column":0},"end":{"line":3,"column":82}},"3":{"start":{"line":22,"column":13},"end":{"line":22,"column":88}},"4":{"start":{"line":23,"column":17},"end":{"line":23,"column":83}},"5":{"start":{"line":24,"column":1},"end":{"line":26,"column":null}},"6":{"start":{"line":25,"column":2},"end":{"line":25,"column":null}},"7":{"start":{"line":28,"column":33},"end":{"line":28,"column":59}},"8":{"start":{"line":30,"column":1},"end":{"line":40,"column":null}},"9":{"start":{"line":31,"column":2},"end":{"line":31,"column":null}},"10":{"start":{"line":31,"column":15},"end":{"line":31,"column":null}},"11":{"start":{"line":33,"column":21},"end":{"line":33,"column":54}},"12":{"start":{"line":34,"column":2},"end":{"line":37,"column":null}},"13":{"start":{"line":35,"column":3},"end":{"line":35,"column":null}},"14":{"start":{"line":36,"column":3},"end":{"line":36,"column":null}},"15":{"start":{"line":39,"column":2},"end":{"line":39,"column":null}},"16":{"start":{"line":42,"column":1},"end":{"line":44,"column":null}},"17":{"start":{"line":43,"column":2},"end":{"line":43,"column":null}},"18":{"start":{"line":14,"column":0},"end":{"line":14,"column":16}}},"fnMap":{"0":{"name":"register","decl":{"start":{"line":14,"column":16},"end":{"line":14,"column":24}},"loc":{"start":{"line":21,"column":40},"end":{"line":45,"column":1}}},"1":{"name":"(anonymous_2)","decl":{"start":{"line":25,"column":9},"end":{"line":25,"column":12}},"loc":{"start":{"line":25,"column":14},"end":{"line":25,"column":17}}},"2":{"name":"(anonymous_3)","decl":{"start":{"line":30,"column":30},"end":{"line":30,"column":40}},"loc":{"start":{"line":30,"column":88},"end":{"line":40,"column":2}}},"3":{"name":"(anonymous_4)","decl":{"start":{"line":42,"column":8},"end":{"line":42,"column":11}},"loc":{"start":{"line":42,"column":13},"end":{"line":44,"column":2}}}},"branchMap":{"0":{"loc":{"start":{"line":14,"column":25},"end":{"line":21,"column":40}},"type":"default-arg","locations":[{"start":{"line":21,"column":38},"end":{"line":21,"column":40}}]},"1":{"loc":{"start":{"line":17,"column":1},"end":{"line":17,"column":18}},"type":"default-arg","locations":[{"start":{"line":17,"column":12},"end":{"line":17,"column":18}}]},"2":{"loc":{"start":{"line":24,"column":1},"end":{"line":26,"column":null}},"type":"if","locations":[{"start":{"line":24,"column":1},"end":{"line":26,"column":null}}]},"3":{"loc":{"start":{"line":31,"column":2},"end":{"line":31,"column":null}},"type":"if","locations":[{"start":{"line":31,"column":2},"end":{"line":31,"column":null}}]},"4":{"loc":{"start":{"line":34,"column":2},"end":{"line":37,"column":null}},"type":"if","locations":[{"start":{"line":34,"column":2},"end":{"line":37,"column":null}}]}},"s":{"0":5,"1":5,"2":5,"3":0,"4":0,"5":0,"6":0,"7":0,"8":0,"9":0,"10":0,"11":0,"12":0,"13":0,"14":0,"15":0,"16":0,"17":0,"18":5},"f":{"0":0,"1":0,"2":0,"3":0},"b":{"0":[0],"1":[0],"2":[0],"3":[0],"4":[0]}}
}
