TN:
SF:packages\typescript-paths\src\handler.ts
FN:26,fromTS_NODE_PROJECT
FN:32,createHandler
FN:42,(anonymous_3)
FN:43,(anonymous_4)
FN:56,addServices
FN:92,(anonymous_6)
FN:98,(anonymous_7)
FN:99,(anonymous_8)
FNF:8
FNH:8
FNDA:6,fromTS_NODE_PROJECT
FNDA:10,createHandler
FNDA:2,(anonymous_3)
FNDA:2,(anonymous_4)
FNDA:12,addServices
FNDA:95,(anonymous_6)
FNDA:56,(anonymous_7)
FNDA:82,(anonymous_8)
DA:1,5
DA:2,5
DA:3,5
DA:4,5
DA:26,5
DA:27,6
DA:28,6
DA:29,5
DA:32,5
DA:39,10
DA:40,4
DA:41,1
DA:42,2
DA:43,2
DA:45,3
DA:49,10
DA:50,10
DA:51,8
DA:52,2
DA:53,1
DA:57,12
DA:58,12
DA:59,10
DA:69,10
DA:70,1
DA:71,2
DA:76,10
DA:77,11
DA:79,11
DA:86,11
DA:87,10
DA:90,9
DA:93,95
DA:94,78
DA:98,9
DA:99,56
DA:100,82
DA:101,8
DA:103,74
DA:104,74
DA:105,74
DA:106,60
DA:107,60
DA:108,60
DA:109,14
DA:110,6
DA:111,6
DA:112,6
DA:114,8
DA:115,8
DA:117,54
LF:51
LH:51
BRDA:28,0,0,1
BRDA:32,1,0,1
BRDA:34,2,0,4
BRDA:35,3,0,9
BRDA:36,4,0,8
BRDA:39,5,0,4
BRDA:40,6,0,1
BRDA:40,6,1,3
BRDA:40,7,0,4
BRDA:40,7,1,3
BRDA:45,8,0,3
BRDA:45,8,1,0
BRDA:45,9,0,3
BRDA:45,9,1,1
BRDA:50,10,0,8
BRDA:50,10,1,2
BRDA:52,11,0,1
BRDA:58,12,0,2
BRDA:58,13,0,12
BRDA:58,13,1,10
BRDA:69,14,0,1
BRDA:77,15,0,10
BRDA:79,16,0,10
BRDA:79,16,1,1
BRDA:86,17,0,1
BRDA:93,18,0,17
BRDA:100,19,0,8
BRDA:105,20,0,60
BRDA:105,20,1,14
BRDA:108,21,0,14
BRDA:109,22,0,6
BRDA:109,22,1,8
BRDA:110,23,0,0
BRDA:114,24,0,0
BRF:34
BRH:31
end_of_record
TN:
SF:packages\typescript-paths\src\index.ts
FNF:0
FNH:0
DA:1,5
DA:2,5
DA:3,5
DA:4,5
LF:4
LH:4
BRF:0
BRH:0
end_of_record
TN:
SF:packages\typescript-paths\src\logger.ts
FN:1,(anonymous_0)
FN:12,convertLogLevel
FN:46,createLogger
FN:51,log
FN:59,(anonymous_4)
FNF:5
FNH:3
FNDA:5,(anonymous_0)
FNDA:0,convertLogLevel
FNDA:16,createLogger
FNDA:70,log
FNDA:0,(anonymous_4)
DA:1,5
DA:2,5
DA:3,5
DA:4,5
DA:5,5
DA:6,5
DA:7,5
DA:12,5
DA:13,0
DA:15,0
DA:17,0
DA:19,0
DA:21,0
DA:23,0
DA:25,0
DA:39,5
DA:40,5
DA:41,5
DA:42,5
DA:43,5
DA:44,5
DA:46,5
DA:51,16
DA:52,70
DA:53,70
DA:55,0
DA:56,0
DA:58,0
DA:59,0
DA:60,0
DA:61,0
DA:63,0
DA:65,0
DA:67,0
DA:69,0
DA:71,0
DA:75,0
DA:77,0
DA:78,0
DA:80,0
DA:81,0
DA:83,0
DA:84,0
DA:86,0
DA:87,0
DA:89,0
DA:90,0
LF:47
LH:18
BRDA:1,0,0,5
BRDA:1,0,1,5
BRDA:13,1,0,0
BRDA:13,1,1,0
BRDA:13,1,2,0
BRDA:13,1,3,0
BRDA:13,1,4,0
BRDA:13,1,5,0
BRDA:46,2,0,11
BRDA:47,3,0,11
BRDA:48,4,0,16
BRDA:49,5,0,16
BRDA:52,6,0,70
BRDA:55,7,0,0
BRDA:58,8,0,0
BRDA:60,9,0,0
BRDA:61,10,0,0
BRDA:61,10,1,0
BRDA:61,10,2,0
BRDA:61,10,3,0
BRDA:61,10,4,0
BRDA:75,11,0,0
BRDA:75,11,1,0
BRDA:75,11,2,0
BRDA:75,11,3,0
BRDA:75,11,4,0
BRF:26
BRH:7
end_of_record
TN:
SF:packages\typescript-paths\src\paths.ts
FN:56,getTsConfig
FN:122,createMappings
FN:131,(anonymous_3)
FN:149,(anonymous_4)
FN:182,isPatternMatch
FN:188,findMatch
FN:206,resolveModuleName
FNF:7
FNH:7
FNDA:16,getTsConfig
FNDA:13,createMappings
FNDA:118,(anonymous_3)
FNDA:62,(anonymous_4)
FNDA:224,isPatternMatch
FNDA:58,findMatch
FNDA:54,resolveModuleName
DA:1,5
DA:2,5
DA:3,5
DA:4,5
DA:6,5
DA:56,5
DA:65,16
DA:66,16
DA:67,1
DA:68,1
DA:70,1
DA:71,1
DA:72,1
DA:74,1
DA:82,15
DA:84,15
DA:85,1
DA:86,1
DA:87,1
DA:89,1
DA:90,1
DA:91,1
DA:94,1
DA:97,14
DA:99,14
DA:100,2
DA:101,2
DA:102,3
DA:103,3
DA:104,3
DA:105,2
DA:106,1
DA:109,1
DA:110,1
DA:111,1
DA:114,2
DA:115,2
DA:119,13
DA:122,5
DA:131,118
DA:133,13
DA:134,13
DA:135,56
DA:136,3
DA:137,3
DA:139,53
DA:140,53
DA:141,43
DA:142,1419
DA:143,1
DA:144,1
DA:145,1
DA:149,53
DA:150,62
DA:151,2
DA:155,2
DA:157,60
DA:159,53
DA:160,3
DA:162,50
DA:163,2
DA:164,2
DA:166,48
DA:175,13
DA:176,50
DA:179,13
DA:182,5
DA:183,224
DA:188,5
DA:189,58
DA:191,58
DA:192,409
DA:193,409
DA:194,60
DA:195,43
DA:196,43
DA:198,349
DA:199,12
DA:200,12
DA:203,58
DA:206,5
DA:221,54
DA:222,54
DA:223,9
DA:226,45
DA:228,45
DA:229,48
DA:230,48
DA:231,48
DA:232,48
DA:233,48
DA:239,7
DA:241,41
DA:242,41
DA:243,27
DA:245,14
DA:246,2
DA:250,9
LF:98
LH:98
BRDA:58,0,0,1
BRDA:59,1,0,4
BRDA:66,2,0,1
BRDA:68,3,0,1
BRDA:74,4,0,1
BRDA:84,5,0,1
BRDA:87,6,0,1
BRDA:94,7,0,1
BRDA:99,8,0,2
BRDA:105,9,0,1
BRDA:115,10,0,2
BRDA:124,11,0,2
BRDA:125,12,0,2
BRDA:131,13,0,83
BRDA:131,13,1,35
BRDA:131,14,0,118
BRDA:131,14,1,118
BRDA:131,15,0,35
BRDA:131,15,1,83
BRDA:131,16,0,118
BRDA:131,16,1,83
BRDA:135,17,0,3
BRDA:140,18,0,43
BRDA:142,19,0,1
BRDA:150,20,0,2
BRDA:159,21,0,3
BRDA:162,22,0,2
BRDA:184,23,0,224
BRDA:184,23,1,165
BRDA:184,23,2,60
BRDA:193,24,0,60
BRDA:193,24,1,349
BRDA:193,25,0,409
BRDA:193,25,1,224
BRDA:194,26,0,43
BRDA:198,27,0,12
BRDA:222,28,0,9
BRDA:229,29,0,36
BRDA:229,29,1,12
BRDA:230,30,0,4
BRDA:230,30,1,44
BRDA:230,31,0,48
BRDA:230,31,1,48
BRDA:233,32,0,7
BRDA:233,32,1,7
BRDA:233,32,2,7
BRDA:233,32,3,7
BRDA:233,32,4,7
BRDA:242,33,0,27
BRDA:242,34,0,0
BRDA:242,34,1,41
BRDA:242,35,0,41
BRDA:242,35,1,41
BRDA:245,36,0,2
BRDA:245,37,0,12
BRDA:245,37,1,2
BRDA:245,38,0,14
BRDA:245,38,1,14
BRF:58
BRH:57
end_of_record
TN:
SF:packages\typescript-paths\src\register.ts
FN:14,register
FN:25,(anonymous_2)
FN:30,(anonymous_3)
FN:42,(anonymous_4)
FNF:4
FNH:0
FNDA:0,register
FNDA:0,(anonymous_2)
FNDA:0,(anonymous_3)
FNDA:0,(anonymous_4)
DA:1,5
DA:2,5
DA:3,5
DA:14,5
DA:22,0
DA:23,0
DA:24,0
DA:25,0
DA:28,0
DA:30,0
DA:31,0
DA:33,0
DA:34,0
DA:35,0
DA:36,0
DA:39,0
DA:42,0
DA:43,0
LF:18
LH:4
BRDA:14,0,0,0
BRDA:17,1,0,0
BRDA:24,2,0,0
BRDA:31,3,0,0
BRDA:34,4,0,0
BRF:5
BRH:0
end_of_record
